Using pre-set license
Built from '2020.3/staging' branch; Version is '2020.3.33f1 (915a7af8b0d5) revision 9525882'; Using compiler version '192528614'; Build Type 'Release'
OS: 'Windows 11  (10.0.22000) 64bit Professional' Language: 'en' Physical Memory: 16151 MB
BatchMode: 1, IsHumanControllingUs: 0, StartBugReporterOnCrash: 0, Is64bit: 1, IsPro: 0

COMMAND LINE ARGUMENTS:
C:\Program Files\Unity\Hub\Editor\2020.3.33f1\Editor\Unity.exe
-adb2
-batchMode
-noUpm
-name
AssetImportWorker0
-projectPath
E:/GitApp/Racing/UnityRacingGameProject1/PolyLowRacingGame
-logFile
Logs/AssetImportWorker0.log
-srvPort
53180
Successfully changed project path to: E:/GitApp/Racing/UnityRacingGameProject1/PolyLowRacingGame
E:/GitApp/Racing/UnityRacingGameProject1/PolyLowRacingGame
Using Asset Import Pipeline V2.
Refreshing native plugins compatible for Editor in 43.04 ms, found 2 plugins.
Preloading 0 native plugins for Editor in 0.00 ms.
Initialize engine version: 2020.3.33f1 (915a7af8b0d5)
[Subsystems] Discovering subsystems at path C:/Program Files/Unity/Hub/Editor/2020.3.33f1/Editor/Data/Resources/UnitySubsystems
[Subsystems] Discovering subsystems at path E:/GitApp/Racing/UnityRacingGameProject1/PolyLowRacingGame/Assets
GfxDevice: creating device client; threaded=0
Direct3D:
    Version:  Direct3D 11.0 [level 11.1]
    Renderer: NVIDIA GeForce MX230 (ID=0x1d11)
    Vendor:   
    VRAM:     4028 MB
    Driver:   31.0.15.1640
Initialize mono
Mono path[0] = 'C:/Program Files/Unity/Hub/Editor/2020.3.33f1/Editor/Data/Managed'
Mono path[1] = 'C:/Program Files/Unity/Hub/Editor/2020.3.33f1/Editor/Data/MonoBleedingEdge/lib/mono/unityjit'
Mono config path = 'C:/Program Files/Unity/Hub/Editor/2020.3.33f1/Editor/Data/MonoBleedingEdge/etc'
Using monoOptions --debugger-agent=transport=dt_socket,embedding=1,server=y,suspend=n,address=127.0.0.1:56192
Begin MonoManager ReloadAssembly
Registering precompiled unity dll's ...
Register platform support module: C:/Program Files/Unity/Hub/Editor/2020.3.33f1/Editor/Data/PlaybackEngines/WindowsStandaloneSupport/UnityEditor.WindowsStandalone.Extensions.dll
Registered in 0.001025 seconds.
Native extension for WindowsStandalone target not found
Refreshing native plugins compatible for Editor in 48.13 ms, found 2 plugins.
Preloading 0 native plugins for Editor in 0.00 ms.
Mono: successfully reloaded assembly
- Completed reload, in  0.556 seconds
Domain Reload Profiling:
	ReloadAssembly (556ms)
		BeginReloadAssembly (56ms)
			ExecutionOrderSort (0ms)
			DisableScriptedObjects (0ms)
			BackupInstance (0ms)
			ReleaseScriptingObjects (0ms)
			CreateAndSetChildDomain (1ms)
		EndReloadAssembly (432ms)
			LoadAssemblies (54ms)
			RebuildTransferFunctionScriptingTraits (0ms)
			SetupTypeCache (142ms)
			ReleaseScriptCaches (0ms)
			RebuildScriptCaches (27ms)
			SetupLoadedEditorAssemblies (169ms)
				LogAssemblyErrors (0ms)
				InitializePlatformSupportModulesInManaged (4ms)
				SetLoadedEditorAssemblies (0ms)
				RefreshPlugins (48ms)
				BeforeProcessingInitializeOnLoad (14ms)
				ProcessInitializeOnLoadAttributes (76ms)
				ProcessInitializeOnLoadMethodAttributes (26ms)
				AfterProcessingInitializeOnLoad (0ms)
				EditorAssembliesLoaded (0ms)
			ExecutionOrderSort2 (0ms)
			AwakeInstancesAfterBackupRestoration (0ms)
Platform modules already initialized, skipping
Registering precompiled user dll's ...
Registered in 0.001391 seconds.
Begin MonoManager ReloadAssembly
Symbol file LoadedFromMemory doesn't match image E:\GitApp\Racing\UnityRacingGameProject1\PolyLowRacingGame\Library\PackageCache\com.unity.collab-proxy@1.15.15\Lib\Editor\PlasticSCM\unityplastic.dll
Native extension for WindowsStandalone target not found
Refreshing native plugins compatible for Editor in 0.39 ms, found 2 plugins.
Preloading 0 native plugins for Editor in 0.00 ms.
Mono: successfully reloaded assembly
- Completed reload, in  0.922 seconds
Domain Reload Profiling:
	ReloadAssembly (923ms)
		BeginReloadAssembly (139ms)
			ExecutionOrderSort (0ms)
			DisableScriptedObjects (4ms)
			BackupInstance (0ms)
			ReleaseScriptingObjects (0ms)
			CreateAndSetChildDomain (17ms)
		EndReloadAssembly (726ms)
			LoadAssemblies (85ms)
			RebuildTransferFunctionScriptingTraits (0ms)
			SetupTypeCache (238ms)
			ReleaseScriptCaches (0ms)
			RebuildScriptCaches (38ms)
			SetupLoadedEditorAssemblies (284ms)
				LogAssemblyErrors (0ms)
				InitializePlatformSupportModulesInManaged (4ms)
				SetLoadedEditorAssemblies (0ms)
				RefreshPlugins (0ms)
				BeforeProcessingInitializeOnLoad (93ms)
				ProcessInitializeOnLoadAttributes (172ms)
				ProcessInitializeOnLoadMethodAttributes (10ms)
				AfterProcessingInitializeOnLoad (3ms)
				EditorAssembliesLoaded (0ms)
			ExecutionOrderSort2 (0ms)
			AwakeInstancesAfterBackupRestoration (6ms)
Platform modules already initialized, skipping
========================================================================
Worker process is ready to serve import requests
Launched and connected shader compiler UnityShaderCompiler.exe after 0.05 seconds
Refreshing native plugins compatible for Editor in 0.49 ms, found 2 plugins.
Preloading 0 native plugins for Editor in 0.00 ms.
Unloading 1662 Unused Serialized files (Serialized files now loaded: 0)
System memory in use before: 105.7 MB.
System memory in use after: 105.8 MB.

Unloading 16 unused Assets to reduce memory usage. Loaded Objects now: 2134.
Total: 4.744400 ms (FindLiveObjects: 0.225400 ms CreateObjectMapping: 0.107500 ms MarkObjects: 4.164900 ms  DeleteObjects: 0.245200 ms)

AssetImportParameters requested are different than current active one (requested -> active):
  custom:framework-win-MediaFoundation: 216162199b28c13a410421893ffa2e32 -> 
  custom:video-decoder-ogg-theora: a1e56fd34408186e4bbccfd4996cb3dc -> 
  custom:container-muxer-webm: aa71ff27fc2769a1b78a27578f13a17b -> 
  custom:container-demuxer-webm: 4f35f7cbe854078d1ac9338744f61a02 -> 
  custom:container-demuxer-ogg: 62fdf1f143b41e24485cea50d1cbac27 -> 
  custom:video-encoder-webm-vp8: eb34c28f22e8b96e1ab97ce403110664 -> 
  custom:video-decoder-webm-vp8: 9c59270c3fd7afecdb556c50c9e8de78 -> 
  custom:audio-decoder-ogg-vorbis: bf7c407c2cedff20999df2af8eb42d56 -> 
  custom:audio-encoder-webm-vorbis: bf7c407c2cedff20999df2af8eb42d56 -> 
========================================================================
Received Import Request.
  path: Assets/Scenes/Map2.unity
  artifactKey: Guid(1761a52a9eea1a747808afe9f9a3b6ec) Importer(815301076,1909f56bfc062723c751e8b465ee728b)
Start importing Assets/Scenes/Map2.unity using Guid(1761a52a9eea1a747808afe9f9a3b6ec) Importer(815301076,1909f56bfc062723c751e8b465ee728b)  -> (artifact id: '20e35eef3e38031b4eda463bc3294100') in 0.012261 seconds 
========================================================================
Received Import Request.
  Time since last request: 49.167795 seconds.
  path: Assets/Stylized Nature Environment/Terrain
  artifactKey: Guid(c79528b9473fc0b4fbb9e2f25f3de45f) Importer(815301076,1909f56bfc062723c751e8b465ee728b)
Start importing Assets/Stylized Nature Environment/Terrain using Guid(c79528b9473fc0b4fbb9e2f25f3de45f) Importer(815301076,1909f56bfc062723c751e8b465ee728b)  -> (artifact id: 'a986d00a68cd99b0ab90e3cad8122250') in 0.006242 seconds 
========================================================================
Received Import Request.
  Time since last request: 0.612814 seconds.
  path: Assets/Stylized Nature Environment/Prefabs
  artifactKey: Guid(ff947399971270846a51cbe4829446ed) Importer(815301076,1909f56bfc062723c751e8b465ee728b)
Start importing Assets/Stylized Nature Environment/Prefabs using Guid(ff947399971270846a51cbe4829446ed) Importer(815301076,1909f56bfc062723c751e8b465ee728b)  -> (artifact id: '0eb41367b1b72352fbf832e3d078d788') in 0.006313 seconds 
========================================================================
Received Import Request.
  Time since last request: 2.523102 seconds.
  path: Assets/Stylized Nature Environment/Prefabs/tree_c.prefab
  artifactKey: Guid(2dec588a435420f4589914de23d120f5) Importer(815301076,1909f56bfc062723c751e8b465ee728b)
Start importing Assets/Stylized Nature Environment/Prefabs/tree_c.prefab using Guid(2dec588a435420f4589914de23d120f5) Importer(815301076,1909f56bfc062723c751e8b465ee728b)  -> (artifact id: '510e8cbcf30133f8067f8efb30042bb0') in 0.132112 seconds 
========================================================================
Received Prepare
Registering precompiled user dll's ...
Registered in 0.002095 seconds.
Begin MonoManager ReloadAssembly
Symbol file LoadedFromMemory doesn't match image E:\GitApp\Racing\UnityRacingGameProject1\PolyLowRacingGame\Library\PackageCache\com.unity.collab-proxy@1.15.15\Lib\Editor\PlasticSCM\unityplastic.dll
Native extension for WindowsStandalone target not found
Refreshing native plugins compatible for Editor in 0.74 ms, found 2 plugins.
Preloading 0 native plugins for Editor in 0.00 ms.
Mono: successfully reloaded assembly
- Completed reload, in  1.744 seconds
Domain Reload Profiling:
	ReloadAssembly (1744ms)
		BeginReloadAssembly (163ms)
			ExecutionOrderSort (0ms)
			DisableScriptedObjects (6ms)
			BackupInstance (0ms)
			ReleaseScriptingObjects (0ms)
			CreateAndSetChildDomain (45ms)
		EndReloadAssembly (1466ms)
			LoadAssemblies (150ms)
			RebuildTransferFunctionScriptingTraits (0ms)
			SetupTypeCache (508ms)
			ReleaseScriptCaches (1ms)
			RebuildScriptCaches (68ms)
			SetupLoadedEditorAssemblies (537ms)
				LogAssemblyErrors (0ms)
				InitializePlatformSupportModulesInManaged (11ms)
				SetLoadedEditorAssemblies (1ms)
				RefreshPlugins (1ms)
				BeforeProcessingInitializeOnLoad (170ms)
				ProcessInitializeOnLoadAttributes (333ms)
				ProcessInitializeOnLoadMethodAttributes (15ms)
				AfterProcessingInitializeOnLoad (6ms)
				EditorAssembliesLoaded (0ms)
			ExecutionOrderSort2 (0ms)
			AwakeInstancesAfterBackupRestoration (12ms)
Platform modules already initialized, skipping
Refreshing native plugins compatible for Editor in 0.81 ms, found 2 plugins.
Preloading 0 native plugins for Editor in 0.00 ms.
Unloading 1586 Unused Serialized files (Serialized files now loaded: 0)
System memory in use before: 101.8 MB.
System memory in use after: 101.9 MB.

Unloading 12 unused Assets to reduce memory usage. Loaded Objects now: 2143.
Total: 4.591500 ms (FindLiveObjects: 0.198100 ms CreateObjectMapping: 0.083100 ms MarkObjects: 4.267500 ms  DeleteObjects: 0.040700 ms)

AssetImportParameters requested are different than current active one (requested -> active):
  custom:framework-win-MediaFoundation: 216162199b28c13a410421893ffa2e32 -> 
  custom:video-decoder-ogg-theora: a1e56fd34408186e4bbccfd4996cb3dc -> 
  custom:container-muxer-webm: aa71ff27fc2769a1b78a27578f13a17b -> 
  custom:container-demuxer-webm: 4f35f7cbe854078d1ac9338744f61a02 -> 
  custom:container-demuxer-ogg: 62fdf1f143b41e24485cea50d1cbac27 -> 
  custom:video-encoder-webm-vp8: eb34c28f22e8b96e1ab97ce403110664 -> 
  custom:video-decoder-webm-vp8: 9c59270c3fd7afecdb556c50c9e8de78 -> 
  custom:audio-decoder-ogg-vorbis: bf7c407c2cedff20999df2af8eb42d56 -> 
  custom:audio-encoder-webm-vorbis: bf7c407c2cedff20999df2af8eb42d56 -> 
========================================================================
Received Import Request.
  Time since last request: 60.671086 seconds.
  path: Assets/Realistic Terrain Collection/Terrains/Terrain3
  artifactKey: Guid(7b8fc9369c784294bb3c06c887f12035) Importer(815301076,1909f56bfc062723c751e8b465ee728b)
Start importing Assets/Realistic Terrain Collection/Terrains/Terrain3 using Guid(7b8fc9369c784294bb3c06c887f12035) Importer(815301076,1909f56bfc062723c751e8b465ee728b)  -> (artifact id: 'c17c310ad6ff8f40e6d11d1b9f118946') in 0.009971 seconds 
========================================================================
Received Prepare
Registering precompiled user dll's ...
Registered in 0.001950 seconds.
Begin MonoManager ReloadAssembly
Symbol file LoadedFromMemory doesn't match image E:\GitApp\Racing\UnityRacingGameProject1\PolyLowRacingGame\Library\PackageCache\com.unity.collab-proxy@1.15.15\Lib\Editor\PlasticSCM\unityplastic.dll
Native extension for WindowsStandalone target not found
Refreshing native plugins compatible for Editor in 0.66 ms, found 2 plugins.
Preloading 0 native plugins for Editor in 0.00 ms.
Mono: successfully reloaded assembly
- Completed reload, in  1.501 seconds
Domain Reload Profiling:
	ReloadAssembly (1501ms)
		BeginReloadAssembly (163ms)
			ExecutionOrderSort (0ms)
			DisableScriptedObjects (6ms)
			BackupInstance (0ms)
			ReleaseScriptingObjects (0ms)
			CreateAndSetChildDomain (38ms)
		EndReloadAssembly (1237ms)
			LoadAssemblies (152ms)
			RebuildTransferFunctionScriptingTraits (0ms)
			SetupTypeCache (461ms)
			ReleaseScriptCaches (1ms)
			RebuildScriptCaches (62ms)
			SetupLoadedEditorAssemblies (437ms)
				LogAssemblyErrors (0ms)
				InitializePlatformSupportModulesInManaged (8ms)
				SetLoadedEditorAssemblies (1ms)
				RefreshPlugins (1ms)
				BeforeProcessingInitializeOnLoad (136ms)
				ProcessInitializeOnLoadAttributes (272ms)
				ProcessInitializeOnLoadMethodAttributes (14ms)
				AfterProcessingInitializeOnLoad (6ms)
				EditorAssembliesLoaded (0ms)
			ExecutionOrderSort2 (0ms)
			AwakeInstancesAfterBackupRestoration (11ms)
Platform modules already initialized, skipping
Refreshing native plugins compatible for Editor in 0.47 ms, found 2 plugins.
Preloading 0 native plugins for Editor in 0.00 ms.
Unloading 1585 Unused Serialized files (Serialized files now loaded: 0)
System memory in use before: 101.8 MB.
System memory in use after: 101.9 MB.

Unloading 12 unused Assets to reduce memory usage. Loaded Objects now: 2145.
Total: 3.432000 ms (FindLiveObjects: 0.167700 ms CreateObjectMapping: 0.065300 ms MarkObjects: 3.164800 ms  DeleteObjects: 0.032400 ms)

AssetImportParameters requested are different than current active one (requested -> active):
  custom:framework-win-MediaFoundation: 216162199b28c13a410421893ffa2e32 -> 
  custom:video-decoder-ogg-theora: a1e56fd34408186e4bbccfd4996cb3dc -> 
  custom:container-muxer-webm: aa71ff27fc2769a1b78a27578f13a17b -> 
  custom:container-demuxer-webm: 4f35f7cbe854078d1ac9338744f61a02 -> 
  custom:container-demuxer-ogg: 62fdf1f143b41e24485cea50d1cbac27 -> 
  custom:video-encoder-webm-vp8: eb34c28f22e8b96e1ab97ce403110664 -> 
  custom:video-decoder-webm-vp8: 9c59270c3fd7afecdb556c50c9e8de78 -> 
  custom:audio-decoder-ogg-vorbis: bf7c407c2cedff20999df2af8eb42d56 -> 
  custom:audio-encoder-webm-vorbis: bf7c407c2cedff20999df2af8eb42d56 -> 
========================================================================
Received Import Request.
  Time since last request: 46.717460 seconds.
  path: Assets/Imports
  artifactKey: Guid(2035b829275eaf94b9fd7d8741091e23) Importer(815301076,1909f56bfc062723c751e8b465ee728b)
Start importing Assets/Imports using Guid(2035b829275eaf94b9fd7d8741091e23) Importer(815301076,1909f56bfc062723c751e8b465ee728b)  -> (artifact id: '2b1e1776f247b4260e914f0626e5ff29') in 0.008552 seconds 
========================================================================
Received Import Request.
  Time since last request: 5.218879 seconds.
  path: Assets/LowpolyStreetPack
  artifactKey: Guid(319ac7c0552df5843b90f33bff7c0a4f) Importer(815301076,1909f56bfc062723c751e8b465ee728b)
Start importing Assets/LowpolyStreetPack using Guid(319ac7c0552df5843b90f33bff7c0a4f) Importer(815301076,1909f56bfc062723c751e8b465ee728b)  -> (artifact id: 'b0a88a644c773a6bf9fc948b3ce796d2') in 0.007132 seconds 
========================================================================
Received Import Request.
  Time since last request: 9.111041 seconds.
  path: Assets/Fonts
  artifactKey: Guid(4ea0f8b6c5fe30348a3190c59b232158) Importer(815301076,1909f56bfc062723c751e8b465ee728b)
Start importing Assets/Fonts using Guid(4ea0f8b6c5fe30348a3190c59b232158) Importer(815301076,1909f56bfc062723c751e8b465ee728b)  -> (artifact id: '9569071ca8855ec3adf1c97b06430e95') in 0.005719 seconds 
========================================================================
Received Import Request.
  Time since last request: 12.506368 seconds.
  path: Assets/White Black GUI
  artifactKey: Guid(78abe84dbb00bdf4a8044bf14b2ac99c) Importer(815301076,1909f56bfc062723c751e8b465ee728b)
Start importing Assets/White Black GUI using Guid(78abe84dbb00bdf4a8044bf14b2ac99c) Importer(815301076,1909f56bfc062723c751e8b465ee728b)  -> (artifact id: 'd09e452c2e35caeb0e35253379f2c746') in 0.007107 seconds 
========================================================================
Received Import Request.
  Time since last request: 3.263560 seconds.
  path: Assets/HyperCars
  artifactKey: Guid(0602068cb9e2c814fbaef458cfcfb69d) Importer(815301076,1909f56bfc062723c751e8b465ee728b)
Start importing Assets/HyperCars using Guid(0602068cb9e2c814fbaef458cfcfb69d) Importer(815301076,1909f56bfc062723c751e8b465ee728b)  -> (artifact id: '629fe2dd8d64ba61e16351ef50bee59c') in 0.005610 seconds 
========================================================================
Received Import Request.
  Time since last request: 1.027206 seconds.
  path: Assets/Cope! Free Skybox Pack
  artifactKey: Guid(fd3c387bac43ffd45bcd52fd07da5123) Importer(815301076,1909f56bfc062723c751e8b465ee728b)
Start importing Assets/Cope! Free Skybox Pack using Guid(fd3c387bac43ffd45bcd52fd07da5123) Importer(815301076,1909f56bfc062723c751e8b465ee728b)  -> (artifact id: '04fad6a5a28527942e1dee21cc186285') in 0.006384 seconds 
========================================================================
Received Import Request.
  Time since last request: 6.380816 seconds.
  path: Assets/Art By Kandles
  artifactKey: Guid(7c06eb1a52ddbe2499eabfef5739c597) Importer(815301076,1909f56bfc062723c751e8b465ee728b)
Start importing Assets/Art By Kandles using Guid(7c06eb1a52ddbe2499eabfef5739c597) Importer(815301076,1909f56bfc062723c751e8b465ee728b)  -> (artifact id: 'bbdbd6e4cda7b38fe1e49194e755e0b7') in 0.006455 seconds 
========================================================================
Received Prepare
Registering precompiled user dll's ...
Registered in 0.001969 seconds.
Begin MonoManager ReloadAssembly
Symbol file LoadedFromMemory doesn't match image E:\GitApp\Racing\UnityRacingGameProject1\PolyLowRacingGame\Library\PackageCache\com.unity.collab-proxy@1.15.15\Lib\Editor\PlasticSCM\unityplastic.dll
Native extension for WindowsStandalone target not found
Refreshing native plugins compatible for Editor in 0.65 ms, found 2 plugins.
Preloading 0 native plugins for Editor in 0.00 ms.
Mono: successfully reloaded assembly
- Completed reload, in  1.525 seconds
Domain Reload Profiling:
	ReloadAssembly (1525ms)
		BeginReloadAssembly (171ms)
			ExecutionOrderSort (0ms)
			DisableScriptedObjects (9ms)
			BackupInstance (0ms)
			ReleaseScriptingObjects (0ms)
			CreateAndSetChildDomain (49ms)
		EndReloadAssembly (1265ms)
			LoadAssemblies (145ms)
			RebuildTransferFunctionScriptingTraits (0ms)
			SetupTypeCache (443ms)
			ReleaseScriptCaches (1ms)
			RebuildScriptCaches (85ms)
			SetupLoadedEditorAssemblies (436ms)
				LogAssemblyErrors (0ms)
				InitializePlatformSupportModulesInManaged (8ms)
				SetLoadedEditorAssemblies (1ms)
				RefreshPlugins (1ms)
				BeforeProcessingInitializeOnLoad (137ms)
				ProcessInitializeOnLoadAttributes (271ms)
				ProcessInitializeOnLoadMethodAttributes (13ms)
				AfterProcessingInitializeOnLoad (5ms)
				EditorAssembliesLoaded (0ms)
			ExecutionOrderSort2 (0ms)
			AwakeInstancesAfterBackupRestoration (9ms)
Platform modules already initialized, skipping
Refreshing native plugins compatible for Editor in 0.59 ms, found 2 plugins.
Preloading 0 native plugins for Editor in 0.00 ms.
Unloading 1585 Unused Serialized files (Serialized files now loaded: 0)
System memory in use before: 101.8 MB.
System memory in use after: 101.9 MB.

Unloading 11 unused Assets to reduce memory usage. Loaded Objects now: 2148.
Total: 4.004400 ms (FindLiveObjects: 0.177800 ms CreateObjectMapping: 0.077700 ms MarkObjects: 3.715400 ms  DeleteObjects: 0.032100 ms)

AssetImportParameters requested are different than current active one (requested -> active):
  custom:framework-win-MediaFoundation: 216162199b28c13a410421893ffa2e32 -> 
  custom:video-decoder-ogg-theora: a1e56fd34408186e4bbccfd4996cb3dc -> 
  custom:container-muxer-webm: aa71ff27fc2769a1b78a27578f13a17b -> 
  custom:container-demuxer-webm: 4f35f7cbe854078d1ac9338744f61a02 -> 
  custom:container-demuxer-ogg: 62fdf1f143b41e24485cea50d1cbac27 -> 
  custom:video-encoder-webm-vp8: eb34c28f22e8b96e1ab97ce403110664 -> 
  custom:video-decoder-webm-vp8: 9c59270c3fd7afecdb556c50c9e8de78 -> 
  custom:audio-decoder-ogg-vorbis: bf7c407c2cedff20999df2af8eb42d56 -> 
  custom:audio-encoder-webm-vorbis: bf7c407c2cedff20999df2af8eb42d56 -> 
========================================================================
Received Import Request.
  Time since last request: 11.457779 seconds.
  path: Assets/Animations/TextParent.controller
  artifactKey: Guid(f7fc8b41f803eb44684c980e99345747) Importer(815301076,1909f56bfc062723c751e8b465ee728b)
Start importing Assets/Animations/TextParent.controller using Guid(f7fc8b41f803eb44684c980e99345747) Importer(815301076,1909f56bfc062723c751e8b465ee728b)  -> (artifact id: '3c7cee59d7e693cfe21f3a8209a25a17') in 0.062789 seconds 
========================================================================
Received Import Request.
  Time since last request: 15.669412 seconds.
  path: Assets/Imports/TechnoGami/2d UI button/ExmpleScene
  artifactKey: Guid(01cfeab09e9e6d24a83c89c39b728305) Importer(815301076,1909f56bfc062723c751e8b465ee728b)
Start importing Assets/Imports/TechnoGami/2d UI button/ExmpleScene using Guid(01cfeab09e9e6d24a83c89c39b728305) Importer(815301076,1909f56bfc062723c751e8b465ee728b)  -> (artifact id: 'd544c4ac359465716650e3e5a0109a75') in 0.005680 seconds 
========================================================================
Received Import Request.
  Time since last request: 0.654634 seconds.
  path: Assets/Imports/TechnoGami/2d UI button/ExmpleScene/TechnoGami2.unity
  artifactKey: Guid(4c50879aee4b9134d96712370f7a6cd0) Importer(815301076,1909f56bfc062723c751e8b465ee728b)
Start importing Assets/Imports/TechnoGami/2d UI button/ExmpleScene/TechnoGami2.unity using Guid(4c50879aee4b9134d96712370f7a6cd0) Importer(815301076,1909f56bfc062723c751e8b465ee728b)  -> (artifact id: 'eba61c8fae0fc9904377d72d8fadd104') in 0.005866 seconds 
========================================================================
Received Import Request.
  Time since last request: 0.442255 seconds.
  path: Assets/Imports/TechnoGami/2d UI button/ExmpleScene/TechnoGami1.unity
  artifactKey: Guid(2cda990e2423bbf4892e6590ba056729) Importer(815301076,1909f56bfc062723c751e8b465ee728b)
Start importing Assets/Imports/TechnoGami/2d UI button/ExmpleScene/TechnoGami1.unity using Guid(2cda990e2423bbf4892e6590ba056729) Importer(815301076,1909f56bfc062723c751e8b465ee728b)  -> (artifact id: '43ac864dc78ba217b6fbcb2cebffd9fc') in 0.006228 seconds 
========================================================================
Received Import Request.
  Time since last request: 278.345395 seconds.
  path: Assets/polygonTrees/polygonTrees
  artifactKey: Guid(4287a83be01f52a409aa5c20b74ff746) Importer(815301076,1909f56bfc062723c751e8b465ee728b)
Start importing Assets/polygonTrees/polygonTrees using Guid(4287a83be01f52a409aa5c20b74ff746) Importer(815301076,1909f56bfc062723c751e8b465ee728b)  -> (artifact id: 'c579345aa19cb335fb256ac706d710db') in 0.007312 seconds 
========================================================================
Received Import Request.
  Time since last request: 1.961930 seconds.
  path: Assets/polygonTrees/polygonTrees/prefabs
  artifactKey: Guid(37aaedf4ccf8e58438e4a5bbe319deb7) Importer(815301076,1909f56bfc062723c751e8b465ee728b)
Start importing Assets/polygonTrees/polygonTrees/prefabs using Guid(37aaedf4ccf8e58438e4a5bbe319deb7) Importer(815301076,1909f56bfc062723c751e8b465ee728b)  -> (artifact id: '9ad529f61df42898ee4605bf85f9e3f9') in 0.006705 seconds 
========================================================================
Received Import Request.
  Time since last request: 0.995707 seconds.
  path: Assets/polygonTrees/polygonTrees/prefabs/dryBranch
  artifactKey: Guid(0604662f292c503ff9bb02266a227f81) Importer(815301076,1909f56bfc062723c751e8b465ee728b)
Start importing Assets/polygonTrees/polygonTrees/prefabs/dryBranch using Guid(0604662f292c503ff9bb02266a227f81) Importer(815301076,1909f56bfc062723c751e8b465ee728b)  -> (artifact id: '84db942ccadabab9c79086adbdfadc1f') in 0.006192 seconds 
========================================================================
Received Import Request.
  Time since last request: 1.268409 seconds.
  path: Assets/polygonTrees/polygonTrees/prefabs/tree
  artifactKey: Guid(6e4bce972854e2f76a7813619a57b725) Importer(815301076,1909f56bfc062723c751e8b465ee728b)
Start importing Assets/polygonTrees/polygonTrees/prefabs/tree using Guid(6e4bce972854e2f76a7813619a57b725) Importer(815301076,1909f56bfc062723c751e8b465ee728b)  -> (artifact id: '06a523ed1deff44d18c5f90be8c067b2') in 0.007828 seconds 
========================================================================
Received Import Request.
  Time since last request: 1.427990 seconds.
  path: Assets/polygonTrees/polygonTrees/prefabs/tree/trees
  artifactKey: Guid(bb5f278e263abf42590116cde34ecc40) Importer(815301076,1909f56bfc062723c751e8b465ee728b)
Start importing Assets/polygonTrees/polygonTrees/prefabs/tree/trees using Guid(bb5f278e263abf42590116cde34ecc40) Importer(815301076,1909f56bfc062723c751e8b465ee728b)  -> (artifact id: '05b72811753a8e05fdc9f97354a9db07') in 0.007084 seconds 
========================================================================
Received Import Request.
  Time since last request: 8.235181 seconds.
  path: Assets/polygonTrees/polygonTrees/prefabs/tree/DryTrees
  artifactKey: Guid(d6bde73633f40f1ddb8ec6266cd87bc3) Importer(815301076,1909f56bfc062723c751e8b465ee728b)
Start importing Assets/polygonTrees/polygonTrees/prefabs/tree/DryTrees using Guid(d6bde73633f40f1ddb8ec6266cd87bc3) Importer(815301076,1909f56bfc062723c751e8b465ee728b)  -> (artifact id: 'b2a26b10a8426d0d817e7372e9f29bc0') in 0.004872 seconds 
========================================================================
Received Import Request.
  Time since last request: 1.124657 seconds.
  path: Assets/polygonTrees/polygonTrees/prefabs/tree/DryTrees/dryTree Variant.prefab
  artifactKey: Guid(f45f80d80cecde8479d856266aa043f6) Importer(815301076,1909f56bfc062723c751e8b465ee728b)
Start importing Assets/polygonTrees/polygonTrees/prefabs/tree/DryTrees/dryTree Variant.prefab using Guid(f45f80d80cecde8479d856266aa043f6) Importer(815301076,1909f56bfc062723c751e8b465ee728b)  -> (artifact id: '4fb9bf1a637ea449bc8d3946dd923646') in 0.052636 seconds 
========================================================================
Received Import Request.
  Time since last request: 1.089787 seconds.
  path: Assets/polygonTrees/polygonTrees/prefabs/tree/DryTrees/drySimpleTree Variant.prefab
  artifactKey: Guid(6cc76445391501dda8ef9608919e7449) Importer(815301076,1909f56bfc062723c751e8b465ee728b)
Start importing Assets/polygonTrees/polygonTrees/prefabs/tree/DryTrees/drySimpleTree Variant.prefab using Guid(6cc76445391501dda8ef9608919e7449) Importer(815301076,1909f56bfc062723c751e8b465ee728b)  -> (artifact id: 'e656b285d8ab5a452732f0da81971d73') in 0.015773 seconds 
========================================================================
Received Import Request.
  Time since last request: 2.602039 seconds.
  path: Assets/polygonTrees/polygonTrees/prefabs/tree/DryTrees/dryPurpleTree Variant.prefab
  artifactKey: Guid(eb484bc6289da1631ac007cafa331375) Importer(815301076,1909f56bfc062723c751e8b465ee728b)
Start importing Assets/polygonTrees/polygonTrees/prefabs/tree/DryTrees/dryPurpleTree Variant.prefab using Guid(eb484bc6289da1631ac007cafa331375) Importer(815301076,1909f56bfc062723c751e8b465ee728b)  -> (artifact id: 'd3e0e74d9cc08a6023a320f9008a0999') in 0.016384 seconds 
========================================================================
Received Import Request.
  Time since last request: 0.601686 seconds.
  path: Assets/polygonTrees/polygonTrees/prefabs/tree/DryTrees/dryFallenBranchesTree Variant.prefab
  artifactKey: Guid(a2724564696d47eccabc201325476737) Importer(815301076,1909f56bfc062723c751e8b465ee728b)
Start importing Assets/polygonTrees/polygonTrees/prefabs/tree/DryTrees/dryFallenBranchesTree Variant.prefab using Guid(a2724564696d47eccabc201325476737) Importer(815301076,1909f56bfc062723c751e8b465ee728b)  -> (artifact id: '90612eb145466a0185db1c1eef5d23d9') in 0.014740 seconds 
========================================================================
Received Import Request.
  Time since last request: 1.592097 seconds.
  path: Assets/polygonTrees/polygonTrees/prefabs/tree/DryTrees/bigLeavesTree Variant.prefab
  artifactKey: Guid(ef651b83add527584aa2543d5c842cef) Importer(815301076,1909f56bfc062723c751e8b465ee728b)
Start importing Assets/polygonTrees/polygonTrees/prefabs/tree/DryTrees/bigLeavesTree Variant.prefab using Guid(ef651b83add527584aa2543d5c842cef) Importer(815301076,1909f56bfc062723c751e8b465ee728b)  -> (artifact id: 'c055a2620ccdd13155698d07eb8bb857') in 0.015583 seconds 
========================================================================
Received Import Request.
  Time since last request: 12.595745 seconds.
  path: Assets/polygonTrees/polygonTrees/prefabs/tree/trees/bigLeavesTree Variant.prefab
  artifactKey: Guid(af28e02efb1b49bc09580ce7162442e3) Importer(815301076,1909f56bfc062723c751e8b465ee728b)
Start importing Assets/polygonTrees/polygonTrees/prefabs/tree/trees/bigLeavesTree Variant.prefab using Guid(af28e02efb1b49bc09580ce7162442e3) Importer(815301076,1909f56bfc062723c751e8b465ee728b)  -> (artifact id: '5b2b8be2f007a47b4c05c40c705d2c4f') in 0.021252 seconds 
========================================================================
Received Import Request.
  Time since last request: 0.794916 seconds.
  path: Assets/polygonTrees/polygonTrees/prefabs/tree/trees/fallenBranchesTree Variant.prefab
  artifactKey: Guid(4e9f5b3ff3b6fa4aaa4678ac8bf8e429) Importer(815301076,1909f56bfc062723c751e8b465ee728b)
Start importing Assets/polygonTrees/polygonTrees/prefabs/tree/trees/fallenBranchesTree Variant.prefab using Guid(4e9f5b3ff3b6fa4aaa4678ac8bf8e429) Importer(815301076,1909f56bfc062723c751e8b465ee728b)  -> (artifact id: '1cf6db771567527a4867ee3812748868') in 0.016243 seconds 
========================================================================
Received Import Request.
  Time since last request: 0.505521 seconds.
  path: Assets/polygonTrees/polygonTrees/prefabs/tree/trees/purpleTree Variant.prefab
  artifactKey: Guid(874e3a4a755ef9e639594d1f5df968d1) Importer(815301076,1909f56bfc062723c751e8b465ee728b)
Start importing Assets/polygonTrees/polygonTrees/prefabs/tree/trees/purpleTree Variant.prefab using Guid(874e3a4a755ef9e639594d1f5df968d1) Importer(815301076,1909f56bfc062723c751e8b465ee728b)  -> (artifact id: 'd380c4eb4a0b5fcbd79a875a5696aea2') in 0.025141 seconds 
========================================================================
Received Import Request.
  Time since last request: 0.537226 seconds.
  path: Assets/polygonTrees/polygonTrees/prefabs/tree/trees/simpleTree Variant.prefab
  artifactKey: Guid(e021f2107856b97978976612624c27b8) Importer(815301076,1909f56bfc062723c751e8b465ee728b)
Start importing Assets/polygonTrees/polygonTrees/prefabs/tree/trees/simpleTree Variant.prefab using Guid(e021f2107856b97978976612624c27b8) Importer(815301076,1909f56bfc062723c751e8b465ee728b)  -> (artifact id: 'a725b0680d510bd9a1c1f63f87cbb5ac') in 0.016965 seconds 
========================================================================
Received Import Request.
  Time since last request: 0.568922 seconds.
  path: Assets/polygonTrees/polygonTrees/prefabs/tree/trees/tree Variant.prefab
  artifactKey: Guid(3f7dd0e9bb47425f3b6515ab77926eb2) Importer(815301076,1909f56bfc062723c751e8b465ee728b)
Start importing Assets/polygonTrees/polygonTrees/prefabs/tree/trees/tree Variant.prefab using Guid(3f7dd0e9bb47425f3b6515ab77926eb2) Importer(815301076,1909f56bfc062723c751e8b465ee728b)  -> (artifact id: '60ad449f03cd60ce1d930f437338fcdf') in 0.025522 seconds 
========================================================================
Received Import Request.
  Time since last request: 317.239211 seconds.
  path: Assets/Scenes/Map2.unity
  artifactKey: Guid(1761a52a9eea1a747808afe9f9a3b6ec) Importer(815301076,1909f56bfc062723c751e8b465ee728b)
Start importing Assets/Scenes/Map2.unity using Guid(1761a52a9eea1a747808afe9f9a3b6ec) Importer(815301076,1909f56bfc062723c751e8b465ee728b)  -> (artifact id: '3e467744568ab1467982d9d6b865a226') in 0.008651 seconds 
========================================================================
Received Import Request.
  Time since last request: 17.744919 seconds.
  path: Assets/New Terrain.asset
  artifactKey: Guid(775d52f7e495b034cae2e4bb18e6b6ae) Importer(815301076,1909f56bfc062723c751e8b465ee728b)
Start importing Assets/New Terrain.asset using Guid(775d52f7e495b034cae2e4bb18e6b6ae) Importer(815301076,1909f56bfc062723c751e8b465ee728b) The tree fallenBranchesTree Variant must use the Nature/Soft Occlusion shader. Otherwise billboarding/lighting will not work correctly.
The tree fallenBranchesTree Variant must use the Nature/Soft Occlusion shader. Otherwise billboarding/lighting will not work correctly.
The tree purpleTree Variant must use the Nature/Soft Occlusion shader. Otherwise billboarding/lighting will not work correctly.
The tree purpleTree Variant must use the Nature/Soft Occlusion shader. Otherwise billboarding/lighting will not work correctly.
 -> (artifact id: '34b39817076b1a9d15c0450e8d645d8c') in 0.073217 seconds 
========================================================================
Received Import Request.
  Time since last request: 11.890210 seconds.
  path: Assets/New Terrain 1.asset
  artifactKey: Guid(fb40c667380e14248aa8cb846501dc05) Importer(815301076,1909f56bfc062723c751e8b465ee728b)
Start importing Assets/New Terrain 1.asset using Guid(fb40c667380e14248aa8cb846501dc05) Importer(815301076,1909f56bfc062723c751e8b465ee728b) The tree fallenBranchesTree Variant must use the Nature/Soft Occlusion shader. Otherwise billboarding/lighting will not work correctly.
The tree fallenBranchesTree Variant must use the Nature/Soft Occlusion shader. Otherwise billboarding/lighting will not work correctly.
The tree purpleTree Variant must use the Nature/Soft Occlusion shader. Otherwise billboarding/lighting will not work correctly.
The tree purpleTree Variant must use the Nature/Soft Occlusion shader. Otherwise billboarding/lighting will not work correctly.
 -> (artifact id: 'aaaa928a07a85474e2dbb8240c92509e') in 0.029329 seconds 
========================================================================
Received Import Request.
  Time since last request: 5.875071 seconds.
  path: Assets/TerranMap1.asset
  artifactKey: Guid(fb40c667380e14248aa8cb846501dc05) Importer(815301076,1909f56bfc062723c751e8b465ee728b)
Start importing Assets/TerranMap1.asset using Guid(fb40c667380e14248aa8cb846501dc05) Importer(815301076,1909f56bfc062723c751e8b465ee728b) The tree fallenBranchesTree Variant must use the Nature/Soft Occlusion shader. Otherwise billboarding/lighting will not work correctly.
The tree fallenBranchesTree Variant must use the Nature/Soft Occlusion shader. Otherwise billboarding/lighting will not work correctly.
The tree purpleTree Variant must use the Nature/Soft Occlusion shader. Otherwise billboarding/lighting will not work correctly.
The tree purpleTree Variant must use the Nature/Soft Occlusion shader. Otherwise billboarding/lighting will not work correctly.
 -> (artifact id: '11ac6ad97836fe4c8b2ef8ea4b94a1e5') in 0.027610 seconds 
========================================================================
Received Import Request.
  Time since last request: 6.262664 seconds.
  path: Assets/TerranMap2.asset
  artifactKey: Guid(775d52f7e495b034cae2e4bb18e6b6ae) Importer(815301076,1909f56bfc062723c751e8b465ee728b)
Start importing Assets/TerranMap2.asset using Guid(775d52f7e495b034cae2e4bb18e6b6ae) Importer(815301076,1909f56bfc062723c751e8b465ee728b) The tree fallenBranchesTree Variant must use the Nature/Soft Occlusion shader. Otherwise billboarding/lighting will not work correctly.
The tree fallenBranchesTree Variant must use the Nature/Soft Occlusion shader. Otherwise billboarding/lighting will not work correctly.
The tree purpleTree Variant must use the Nature/Soft Occlusion shader. Otherwise billboarding/lighting will not work correctly.
The tree purpleTree Variant must use the Nature/Soft Occlusion shader. Otherwise billboarding/lighting will not work correctly.
 -> (artifact id: 'a0e99c7910a03d3b434d9b5f962f9b80') in 0.026557 seconds 
========================================================================
Received Import Request.
  Time since last request: 40.355444 seconds.
  path: Assets/polygonTrees/polygonTrees/prefabs/grass
  artifactKey: Guid(3b1eb69657368c1ab968ca00ec126ae6) Importer(815301076,1909f56bfc062723c751e8b465ee728b)
Start importing Assets/polygonTrees/polygonTrees/prefabs/grass using Guid(3b1eb69657368c1ab968ca00ec126ae6) Importer(815301076,1909f56bfc062723c751e8b465ee728b)  -> (artifact id: '98f262a845cf88cca653b38a2b718609') in 0.006398 seconds 
========================================================================
Received Import Request.
  Time since last request: 1.779880 seconds.
  path: Assets/polygonTrees/polygonTrees/prefabs/grass/grass Variant.prefab
  artifactKey: Guid(134c96ff51198e4cea360c89aaab1411) Importer(815301076,1909f56bfc062723c751e8b465ee728b)
Start importing Assets/polygonTrees/polygonTrees/prefabs/grass/grass Variant.prefab using Guid(134c96ff51198e4cea360c89aaab1411) Importer(815301076,1909f56bfc062723c751e8b465ee728b)  -> (artifact id: '99b434066f73f04678c9e712cd601957') in 0.018472 seconds 
========================================================================
Received Import Request.
  Time since last request: 1.236785 seconds.
  path: Assets/polygonTrees/polygonTrees/prefabs/grass/littleGrass Variant.prefab
  artifactKey: Guid(fcab16f0d26cd82dab4e96bf1ef5ecc5) Importer(815301076,1909f56bfc062723c751e8b465ee728b)
Start importing Assets/polygonTrees/polygonTrees/prefabs/grass/littleGrass Variant.prefab using Guid(fcab16f0d26cd82dab4e96bf1ef5ecc5) Importer(815301076,1909f56bfc062723c751e8b465ee728b)  -> (artifact id: '97b3a97d513cffafa3419173a16b8654') in 0.012838 seconds 
========================================================================
Received Import Request.
  Time since last request: 14.907192 seconds.
  path: Assets/polygonTrees/polygonTrees/prefabs/dryBranch/deadTree Variant.prefab
  artifactKey: Guid(63a41ff51baa285678539abba629f286) Importer(815301076,1909f56bfc062723c751e8b465ee728b)
Start importing Assets/polygonTrees/polygonTrees/prefabs/dryBranch/deadTree Variant.prefab using Guid(63a41ff51baa285678539abba629f286) Importer(815301076,1909f56bfc062723c751e8b465ee728b)  -> (artifact id: '2fe231b9293b5a9728aaaf09ae684fff') in 0.018815 seconds 
========================================================================
Received Import Request.
  Time since last request: 0.969342 seconds.
  path: Assets/polygonTrees/polygonTrees/prefabs/dryBranch/dryBranches Variant.prefab
  artifactKey: Guid(d64eab04e12df5469b30e8a2cb88a633) Importer(815301076,1909f56bfc062723c751e8b465ee728b)
Start importing Assets/polygonTrees/polygonTrees/prefabs/dryBranch/dryBranches Variant.prefab using Guid(d64eab04e12df5469b30e8a2cb88a633) Importer(815301076,1909f56bfc062723c751e8b465ee728b)  -> (artifact id: '0435f6304f7014800d302250a1fb0489') in 0.017487 seconds 
========================================================================
Received Import Request.
  Time since last request: 14.160577 seconds.
  path: Assets/polygonTrees/polygonTrees/prefabs/rocks
  artifactKey: Guid(0366e07827dbeab31a57be82c1efc237) Importer(815301076,1909f56bfc062723c751e8b465ee728b)
Start importing Assets/polygonTrees/polygonTrees/prefabs/rocks using Guid(0366e07827dbeab31a57be82c1efc237) Importer(815301076,1909f56bfc062723c751e8b465ee728b)  -> (artifact id: '95ec6cfa8c69cbf70a6a288abdef3ee0') in 0.007582 seconds 
========================================================================
Received Import Request.
  Time since last request: 0.915920 seconds.
  path: Assets/polygonTrees/polygonTrees/prefabs/rocks/blackRock Variant.prefab
  artifactKey: Guid(9c908bfc4527810428cae78e2eac3e46) Importer(815301076,1909f56bfc062723c751e8b465ee728b)
Start importing Assets/polygonTrees/polygonTrees/prefabs/rocks/blackRock Variant.prefab using Guid(9c908bfc4527810428cae78e2eac3e46) Importer(815301076,1909f56bfc062723c751e8b465ee728b)  -> (artifact id: '0051e7e70b854f01b60a0b5b0d650893') in 0.019019 seconds 
========================================================================
Received Import Request.
  Time since last request: 0.803180 seconds.
  path: Assets/polygonTrees/polygonTrees/prefabs/rocks/redRock Variant.prefab
  artifactKey: Guid(4e2cc68a60aeadc7294133b27bb32d51) Importer(815301076,1909f56bfc062723c751e8b465ee728b)
Start importing Assets/polygonTrees/polygonTrees/prefabs/rocks/redRock Variant.prefab using Guid(4e2cc68a60aeadc7294133b27bb32d51) Importer(815301076,1909f56bfc062723c751e8b465ee728b)  -> (artifact id: 'c0918e154fa0008dd3b7adc0e5042062') in 0.018291 seconds 
========================================================================
Received Import Request.
  Time since last request: 0.636639 seconds.
  path: Assets/polygonTrees/polygonTrees/prefabs/rocks/rock Variant.prefab
  artifactKey: Guid(9fea3f738a721b642b10d0735a3c2ff4) Importer(815301076,1909f56bfc062723c751e8b465ee728b)
Start importing Assets/polygonTrees/polygonTrees/prefabs/rocks/rock Variant.prefab using Guid(9fea3f738a721b642b10d0735a3c2ff4) Importer(815301076,1909f56bfc062723c751e8b465ee728b)  -> (artifact id: 'b9e02ac0807132a55eeba7c1cc0b61ad') in 0.019357 seconds 
========================================================================
Received Import Request.
  Time since last request: 3.108399 seconds.
  path: Assets/polygonTrees/polygonTrees/prefabs/shrubs
  artifactKey: Guid(bb4fbabf46b76399ead45e0d431cff6c) Importer(815301076,1909f56bfc062723c751e8b465ee728b)
Start importing Assets/polygonTrees/polygonTrees/prefabs/shrubs using Guid(bb4fbabf46b76399ead45e0d431cff6c) Importer(815301076,1909f56bfc062723c751e8b465ee728b)  -> (artifact id: '49bb7e2c4d68da8fd7ba29be93676166') in 0.005838 seconds 
========================================================================
Received Import Request.
  Time since last request: 0.981045 seconds.
  path: Assets/polygonTrees/polygonTrees/prefabs/shrubs/bigLeavesShrubs Variant.prefab
  artifactKey: Guid(6bbaea1be78b8d02d852cd83ce21cd94) Importer(815301076,1909f56bfc062723c751e8b465ee728b)
Start importing Assets/polygonTrees/polygonTrees/prefabs/shrubs/bigLeavesShrubs Variant.prefab using Guid(6bbaea1be78b8d02d852cd83ce21cd94) Importer(815301076,1909f56bfc062723c751e8b465ee728b)  -> (artifact id: 'a34719793f25da1b7cb0a94b0095b014') in 0.019974 seconds 
========================================================================
Received Import Request.
  Time since last request: 1.021869 seconds.
  path: Assets/polygonTrees/polygonTrees/prefabs/shrubs/shrub Variant.prefab
  artifactKey: Guid(4a5c3f58cf4a9055693572e2fb1af5aa) Importer(815301076,1909f56bfc062723c751e8b465ee728b)
Start importing Assets/polygonTrees/polygonTrees/prefabs/shrubs/shrub Variant.prefab using Guid(4a5c3f58cf4a9055693572e2fb1af5aa) Importer(815301076,1909f56bfc062723c751e8b465ee728b)  -> (artifact id: 'cbe0322ed5e90648034a25754ab191e9') in 0.019298 seconds 
========================================================================
Received Import Request.
  Time since last request: 0.667482 seconds.
  path: Assets/polygonTrees/polygonTrees/prefabs/shrubs/littleLeavesShrub Variant.prefab
  artifactKey: Guid(aad768f876a5d714abefd21f70785ee3) Importer(815301076,1909f56bfc062723c751e8b465ee728b)
Start importing Assets/polygonTrees/polygonTrees/prefabs/shrubs/littleLeavesShrub Variant.prefab using Guid(aad768f876a5d714abefd21f70785ee3) Importer(815301076,1909f56bfc062723c751e8b465ee728b)  -> (artifact id: 'faf408ff16c496f39250c0a04cf01ac0') in 0.019267 seconds 
AssetImportWorkerClient::OnTransportError - code=2 error=End of file
